<?xml version="1.0" encoding="UTF-8"?>
<!-- Generated by org.testng.reporters.JUnitXMLReporter -->
<testsuite hostname="ASDP1726PO02529" ignored="0" name="Command line test" tests="12" failures="9" timestamp="27 Jun 2017 08:44:38 GMT" time="0.162" errors="0">
  <testcase name="addOptionShouldMethodShouldAppendPropertiesFileWithNewProperty" time="0.089" classname="com.qainfotech.tap.training.resourceio.PropertiesOptionsIOTest"/>
  <testcase name="getOptionValueMethodShouldReturnOptionValuesFromPropertiesFile" time="0.007" classname="com.qainfotech.tap.training.resourceio.PropertiesOptionsIOTest">
    <failure type="org.junit.ComparisonFailure" message="expected:&amp;lt;...pertiesOptionsIOTest[]&amp;quot;&amp;gt; but was:&amp;lt;...pertiesOptionsIOTest[#Thu Jun 22 12:47:56 IST 2017]&amp;quot;&amp;gt;">
      <![CDATA[org.junit.ComparisonFailure: expected:<...pertiesOptionsIOTest[]"> but was:<...pertiesOptionsIOTest[#Thu Jun 22 12:47:56 IST 2017]">
	at com.qainfotech.tap.training.resourceio.PropertiesOptionsIOTest.getOptionValueMethodShouldReturnOptionValuesFromPropertiesFile(PropertiesOptionsIOTest.java:29)
... Removed 38 stack frames]]>
    </failure>
  </testcase> <!-- getOptionValueMethodShouldReturnOptionValuesFromPropertiesFile -->
  <testcase name="Team_getActiveMembers_should_return_a_list_of_team_members_that_are_active" time="0.004" classname="com.qainfotech.tap.training.resourceio.TeamsJsonReaderTest">
    <failure type="java.lang.UnsupportedOperationException" message="Not implemented.">
      <![CDATA[java.lang.UnsupportedOperationException: Not implemented.
	at com.qainfotech.tap.training.resourceio.model.Individual.<init>(Individual.java:16)
	at com.qainfotech.tap.training.resourceio.TeamsJsonReader.getListOfIndividuals(TeamsJsonReader.java:70)
	at com.qainfotech.tap.training.resourceio.TeamsJsonReader.getListOfTeams(TeamsJsonReader.java:266)
	at com.qainfotech.tap.training.resourceio.TeamsJsonReaderTest.Team_getActiveMembers_should_return_a_list_of_team_members_that_are_active(TeamsJsonReaderTest.java:106)
... Removed 35 stack frames]]>
    </failure>
  </testcase> <!-- Team_getActiveMembers_should_return_a_list_of_team_members_that_are_active -->
  <testcase name="Team_getInactiveMembers_should_return_a_list_of_individual_team_members_that_are_inactive" time="0.001" classname="com.qainfotech.tap.training.resourceio.TeamsJsonReaderTest">
    <failure type="java.lang.UnsupportedOperationException" message="Not implemented.">
      <![CDATA[java.lang.UnsupportedOperationException: Not implemented.
	at com.qainfotech.tap.training.resourceio.model.Individual.<init>(Individual.java:16)
	at com.qainfotech.tap.training.resourceio.TeamsJsonReader.getListOfIndividuals(TeamsJsonReader.java:70)
	at com.qainfotech.tap.training.resourceio.TeamsJsonReader.getListOfTeams(TeamsJsonReader.java:266)
	at com.qainfotech.tap.training.resourceio.TeamsJsonReaderTest.Team_getInactiveMembers_should_return_a_list_of_individual_team_members_that_are_inactive(TeamsJsonReaderTest.java:114)
... Removed 35 stack frames]]>
    </failure>
  </testcase> <!-- Team_getInactiveMembers_should_return_a_list_of_individual_team_members_that_are_inactive -->
  <testcase name="getIndividualById_should_return_Individual_object_matching_id" time="0.0" classname="com.qainfotech.tap.training.resourceio.TeamsJsonReaderTest">
    <failure type="com.qainfotech.tap.training.resourceio.exceptions.ObjectNotFoundException" message="null Object with null=null not found">
      <![CDATA[com.qainfotech.tap.training.resourceio.exceptions.ObjectNotFoundException: null Object with null=null not found
	at com.qainfotech.tap.training.resourceio.TeamsJsonReader.getIndividualById(TeamsJsonReader.java:107)
	at com.qainfotech.tap.training.resourceio.TeamsJsonReaderTest.getIndividualById_should_return_Individual_object_matching_id(TeamsJsonReaderTest.java:61)
... Removed 35 stack frames]]>
    </failure>
  </testcase> <!-- getIndividualById_should_return_Individual_object_matching_id -->
  <testcase name="getIndividualById_should_throw_ObjectNotFoundException_for_incorrect_id" time="0.0" classname="com.qainfotech.tap.training.resourceio.TeamsJsonReaderTest"/>
  <testcase name="getIndividualByName_should_return_Individual_object_matching_name" time="0.0" classname="com.qainfotech.tap.training.resourceio.TeamsJsonReaderTest">
    <failure type="com.qainfotech.tap.training.resourceio.exceptions.ObjectNotFoundException" message="null Object with null=null not found">
      <![CDATA[com.qainfotech.tap.training.resourceio.exceptions.ObjectNotFoundException: null Object with null=null not found
	at com.qainfotech.tap.training.resourceio.TeamsJsonReader.getIndividualByName(TeamsJsonReader.java:131)
	at com.qainfotech.tap.training.resourceio.TeamsJsonReaderTest.getIndividualByName_should_return_Individual_object_matching_name(TeamsJsonReaderTest.java:77)
... Removed 35 stack frames]]>
    </failure>
  </testcase> <!-- getIndividualByName_should_return_Individual_object_matching_name -->
  <testcase name="getIndividualByName_should_throw_ObjectNotFoundException_for_incorrect_name" time="0.001" classname="com.qainfotech.tap.training.resourceio.TeamsJsonReaderTest"/>
  <testcase name="getListOfActiveIndividuals_ahould_return_array_list_of_only_active_individual_objects" time="0.001" classname="com.qainfotech.tap.training.resourceio.TeamsJsonReaderTest">
    <failure type="java.lang.UnsupportedOperationException" message="Not implemented.">
      <![CDATA[java.lang.UnsupportedOperationException: Not implemented.
	at com.qainfotech.tap.training.resourceio.model.Individual.<init>(Individual.java:16)
	at com.qainfotech.tap.training.resourceio.TeamsJsonReader.getListOfActiveIndividuals(TeamsJsonReader.java:230)
	at com.qainfotech.tap.training.resourceio.TeamsJsonReaderTest.getListOfActiveIndividuals_ahould_return_array_list_of_only_active_individual_objects(TeamsJsonReaderTest.java:41)
... Removed 35 stack frames]]>
    </failure>
  </testcase> <!-- getListOfActiveIndividuals_ahould_return_array_list_of_only_active_individual_objects -->
  <testcase name="getListOfInactiveIndividuals_should_return_array_list_of_only_inactive_individual_objects" time="0.001" classname="com.qainfotech.tap.training.resourceio.TeamsJsonReaderTest">
    <failure type="java.lang.UnsupportedOperationException" message="Not implemented.">
      <![CDATA[java.lang.UnsupportedOperationException: Not implemented.
	at com.qainfotech.tap.training.resourceio.model.Individual.<init>(Individual.java:16)
	at com.qainfotech.tap.training.resourceio.TeamsJsonReader.getListOfInactiveIndividuals(TeamsJsonReader.java:177)
	at com.qainfotech.tap.training.resourceio.TeamsJsonReaderTest.getListOfInactiveIndividuals_should_return_array_list_of_only_inactive_individual_objects(TeamsJsonReaderTest.java:50)
... Removed 35 stack frames]]>
    </failure>
  </testcase> <!-- getListOfInactiveIndividuals_should_return_array_list_of_only_inactive_individual_objects -->
  <testcase name="getListOfIndividuals_should_return_array_list_of_all_individual_objects" time="0.0" classname="com.qainfotech.tap.training.resourceio.TeamsJsonReaderTest">
    <failure type="java.lang.UnsupportedOperationException" message="Not implemented.">
      <![CDATA[java.lang.UnsupportedOperationException: Not implemented.
	at com.qainfotech.tap.training.resourceio.model.Individual.<init>(Individual.java:16)
	at com.qainfotech.tap.training.resourceio.TeamsJsonReader.getListOfIndividuals(TeamsJsonReader.java:70)
	at com.qainfotech.tap.training.resourceio.TeamsJsonReaderTest.getListOfIndividuals_should_return_array_list_of_all_individual_objects(TeamsJsonReaderTest.java:27)
... Removed 35 stack frames]]>
    </failure>
  </testcase> <!-- getListOfIndividuals_should_return_array_list_of_all_individual_objects -->
  <testcase name="getListOfTeams_should_return_a_list_if_Team_object_from_db_json" time="0.001" classname="com.qainfotech.tap.training.resourceio.TeamsJsonReaderTest">
    <failure type="java.lang.UnsupportedOperationException" message="Not implemented.">
      <![CDATA[java.lang.UnsupportedOperationException: Not implemented.
	at com.qainfotech.tap.training.resourceio.model.Individual.<init>(Individual.java:16)
	at com.qainfotech.tap.training.resourceio.TeamsJsonReader.getListOfIndividuals(TeamsJsonReader.java:70)
	at com.qainfotech.tap.training.resourceio.TeamsJsonReader.getListOfTeams(TeamsJsonReader.java:266)
	at com.qainfotech.tap.training.resourceio.TeamsJsonReaderTest.getListOfTeams_should_return_a_list_if_Team_object_from_db_json(TeamsJsonReaderTest.java:91)
... Removed 35 stack frames]]>
    </failure>
  </testcase> <!-- getListOfTeams_should_return_a_list_if_Team_object_from_db_json -->
</testsuite> <!-- Command line test -->
