<?xml version="1.0" encoding="UTF-8"?>
<!-- Generated by org.testng.reporters.JUnitXMLReporter -->
<testsuite hostname="ASDP1726PO02529" ignored="0" name="Command line test" tests="22" failures="4" timestamp="04 Jul 2017 11:25:22 GMT" time="0.436" errors="0">
  <testcase name="addOptionShouldMethodShouldAppendPropertiesFileWithNewProperty" time="0.114" classname="com.qainfotech.tap.training.resourceio.PropertiesOptionsIOTest"/>
  <testcase name="getOptionValueMethodShouldReturnOptionValuesFromPropertiesFile" time="0.008" classname="com.qainfotech.tap.training.resourceio.PropertiesOptionsIOTest">
    <failure type="org.junit.ComparisonFailure" message="expected:&amp;lt;...pertiesOptionsIOTest[]&amp;quot;&amp;gt; but was:&amp;lt;...pertiesOptionsIOTest[#Tue Jul 04 15:38:58 IST 2017]&amp;quot;&amp;gt;">
      <![CDATA[org.junit.ComparisonFailure: expected:<...pertiesOptionsIOTest[]"> but was:<...pertiesOptionsIOTest[#Tue Jul 04 15:38:58 IST 2017]">
	at com.qainfotech.tap.training.resourceio.PropertiesOptionsIOTest.getOptionValueMethodShouldReturnOptionValuesFromPropertiesFile(PropertiesOptionsIOTest.java:29)
... Removed 38 stack frames]]>
    </failure>
  </testcase> <!-- getOptionValueMethodShouldReturnOptionValuesFromPropertiesFile -->
  <testcase name="Team_getActiveMembers_should_return_a_list_of_team_members_that_are_active" time="0.012" classname="com.qainfotech.tap.training.resourceio.TeamsJsonReaderTest"/>
  <testcase name="Team_getInactiveMembers_should_return_a_list_of_individual_team_members_that_are_inactive" time="0.008" classname="com.qainfotech.tap.training.resourceio.TeamsJsonReaderTest"/>
  <testcase name="getIndividualById_should_return_Individual_object_matching_id" time="0.001" classname="com.qainfotech.tap.training.resourceio.TeamsJsonReaderTest"/>
  <testcase name="getIndividualById_should_throw_ObjectNotFoundException_for_incorrect_id" time="0.001" classname="com.qainfotech.tap.training.resourceio.TeamsJsonReaderTest"/>
  <testcase name="getIndividualByName_should_return_Individual_object_matching_name" time="0.001" classname="com.qainfotech.tap.training.resourceio.TeamsJsonReaderTest"/>
  <testcase name="getIndividualByName_should_throw_ObjectNotFoundException_for_incorrect_name" time="0.001" classname="com.qainfotech.tap.training.resourceio.TeamsJsonReaderTest"/>
  <testcase name="getListOfActiveIndividuals_ahould_return_array_list_of_only_active_individual_objects" time="0.001" classname="com.qainfotech.tap.training.resourceio.TeamsJsonReaderTest"/>
  <testcase name="getListOfInactiveIndividuals_should_return_array_list_of_only_inactive_individual_objects" time="0.003" classname="com.qainfotech.tap.training.resourceio.TeamsJsonReaderTest"/>
  <testcase name="getListOfIndividuals_should_return_array_list_of_all_individual_objects" time="0.004" classname="com.qainfotech.tap.training.resourceio.TeamsJsonReaderTest"/>
  <testcase name="getListOfTeams_should_return_a_list_if_Team_object_from_db_json" time="0.013" classname="com.qainfotech.tap.training.resourceio.TeamsJsonReaderTest"/>
  <testcase name="Team_getActiveMembers_should_return_a_list_of_team_members_that_are_active" time="0.101" classname="com.qainfotech.tap.training.resourceio.TeamsYamlReaderTest">
    <failure type="java.lang.ClassCastException" message="java.util.ArrayList cannot be cast to org.json.simple.JSONObject">
      <![CDATA[java.lang.ClassCastException: java.util.ArrayList cannot be cast to org.json.simple.JSONObject
	at com.qainfotech.tap.training.resourceio.model.Team.<init>(Team.java:30)
	at com.qainfotech.tap.training.resourceio.TeamsYamlReader.getListOfTeams(TeamsYamlReader.java:184)
	at com.qainfotech.tap.training.resourceio.TeamsYamlReaderTest.Team_getActiveMembers_should_return_a_list_of_team_members_that_are_active(TeamsYamlReaderTest.java:106)
... Removed 35 stack frames]]>
    </failure>
  </testcase> <!-- Team_getActiveMembers_should_return_a_list_of_team_members_that_are_active -->
  <testcase name="Team_getInactiveMembers_should_return_a_list_of_individual_team_members_that_are_inactive" time="0.013" classname="com.qainfotech.tap.training.resourceio.TeamsYamlReaderTest">
    <failure type="java.lang.ClassCastException" message="java.util.ArrayList cannot be cast to org.json.simple.JSONObject">
      <![CDATA[java.lang.ClassCastException: java.util.ArrayList cannot be cast to org.json.simple.JSONObject
	at com.qainfotech.tap.training.resourceio.model.Team.<init>(Team.java:30)
	at com.qainfotech.tap.training.resourceio.TeamsYamlReader.getListOfTeams(TeamsYamlReader.java:184)
	at com.qainfotech.tap.training.resourceio.TeamsYamlReaderTest.Team_getInactiveMembers_should_return_a_list_of_individual_team_members_that_are_inactive(TeamsYamlReaderTest.java:114)
... Removed 35 stack frames]]>
    </failure>
  </testcase> <!-- Team_getInactiveMembers_should_return_a_list_of_individual_team_members_that_are_inactive -->
  <testcase name="getIndividualById_should_return_Individual_object_matching_id" time="0.005" classname="com.qainfotech.tap.training.resourceio.TeamsYamlReaderTest"/>
  <testcase name="getIndividualById_should_throw_ObjectNotFoundException_for_incorrect_id" time="0.006" classname="com.qainfotech.tap.training.resourceio.TeamsYamlReaderTest"/>
  <testcase name="getIndividualByName_should_return_Individual_object_matching_name" time="0.009" classname="com.qainfotech.tap.training.resourceio.TeamsYamlReaderTest"/>
  <testcase name="getIndividualByName_should_throw_ObjectNotFoundException_for_incorrect_name" time="0.004" classname="com.qainfotech.tap.training.resourceio.TeamsYamlReaderTest"/>
  <testcase name="getListOfActiveIndividuals_ahould_return_array_list_of_only_active_individual_objects" time="0.011" classname="com.qainfotech.tap.training.resourceio.TeamsYamlReaderTest"/>
  <testcase name="getListOfInactiveIndividuals_should_return_array_list_of_only_inactive_individual_objects" time="0.008" classname="com.qainfotech.tap.training.resourceio.TeamsYamlReaderTest"/>
  <testcase name="getListOfIndividuals_should_return_array_list_of_all_individual_objects" time="0.018" classname="com.qainfotech.tap.training.resourceio.TeamsYamlReaderTest"/>
  <testcase name="getListOfTeams_should_return_a_list_if_Team_object_from_db_json" time="0.015" classname="com.qainfotech.tap.training.resourceio.TeamsYamlReaderTest">
    <failure type="java.lang.ClassCastException" message="java.util.ArrayList cannot be cast to org.json.simple.JSONObject">
      <![CDATA[java.lang.ClassCastException: java.util.ArrayList cannot be cast to org.json.simple.JSONObject
	at com.qainfotech.tap.training.resourceio.model.Team.<init>(Team.java:30)
	at com.qainfotech.tap.training.resourceio.TeamsYamlReader.getListOfTeams(TeamsYamlReader.java:184)
	at com.qainfotech.tap.training.resourceio.TeamsYamlReaderTest.getListOfTeams_should_return_a_list_if_Team_object_from_db_json(TeamsYamlReaderTest.java:91)
... Removed 35 stack frames]]>
    </failure>
  </testcase> <!-- getListOfTeams_should_return_a_list_if_Team_object_from_db_json -->
</testsuite> <!-- Command line test -->
