-------------------------------------------------------------------------------
Test set: TestSuite
-------------------------------------------------------------------------------
Tests run: 22, Failures: 4, Errors: 0, Skipped: 0, Time elapsed: 1.44 sec <<< FAILURE!
getOptionValueMethodShouldReturnOptionValuesFromPropertiesFile(com.qainfotech.tap.training.resourceio.PropertiesOptionsIOTest)  Time elapsed: 0.012 sec  <<< FAILURE!
org.junit.ComparisonFailure: expected:<...pertiesOptionsIOTest[]"> but was:<...pertiesOptionsIOTest[#Tue Jul 04 15:38:58 IST 2017]">
	at sun.reflect.NativeConstructorAccessorImpl.newInstance0(Native Method)
	at sun.reflect.NativeConstructorAccessorImpl.newInstance(NativeConstructorAccessorImpl.java:62)
	at sun.reflect.DelegatingConstructorAccessorImpl.newInstance(DelegatingConstructorAccessorImpl.java:45)
	at com.qainfotech.tap.training.resourceio.PropertiesOptionsIOTest.getOptionValueMethodShouldReturnOptionValuesFromPropertiesFile(PropertiesOptionsIOTest.java:29)

Team_getActiveMembers_should_return_a_list_of_team_members_that_are_active(com.qainfotech.tap.training.resourceio.TeamsYamlReaderTest)  Time elapsed: 0.101 sec  <<< FAILURE!
java.lang.ClassCastException: java.util.ArrayList cannot be cast to org.json.simple.JSONObject
	at com.qainfotech.tap.training.resourceio.model.Team.<init>(Team.java:30)
	at com.qainfotech.tap.training.resourceio.TeamsYamlReader.getListOfTeams(TeamsYamlReader.java:184)
	at com.qainfotech.tap.training.resourceio.TeamsYamlReaderTest.Team_getActiveMembers_should_return_a_list_of_team_members_that_are_active(TeamsYamlReaderTest.java:106)

Team_getInactiveMembers_should_return_a_list_of_individual_team_members_that_are_inactive(com.qainfotech.tap.training.resourceio.TeamsYamlReaderTest)  Time elapsed: 0.016 sec  <<< FAILURE!
java.lang.ClassCastException: java.util.ArrayList cannot be cast to org.json.simple.JSONObject
	at com.qainfotech.tap.training.resourceio.model.Team.<init>(Team.java:30)
	at com.qainfotech.tap.training.resourceio.TeamsYamlReader.getListOfTeams(TeamsYamlReader.java:184)
	at com.qainfotech.tap.training.resourceio.TeamsYamlReaderTest.Team_getInactiveMembers_should_return_a_list_of_individual_team_members_that_are_inactive(TeamsYamlReaderTest.java:114)

getListOfTeams_should_return_a_list_if_Team_object_from_db_json(com.qainfotech.tap.training.resourceio.TeamsYamlReaderTest)  Time elapsed: 0.016 sec  <<< FAILURE!
java.lang.ClassCastException: java.util.ArrayList cannot be cast to org.json.simple.JSONObject
	at com.qainfotech.tap.training.resourceio.model.Team.<init>(Team.java:30)
	at com.qainfotech.tap.training.resourceio.TeamsYamlReader.getListOfTeams(TeamsYamlReader.java:184)
	at com.qainfotech.tap.training.resourceio.TeamsYamlReaderTest.getListOfTeams_should_return_a_list_if_Team_object_from_db_json(TeamsYamlReaderTest.java:91)

