<?xml version="1.0" encoding="UTF-8" ?>
<testsuite tests="12" failures="9" name="TestSuite" time="0.113" errors="0" skipped="0">
  <properties>
[...]
</properties>
  <testcase classname="com.qainfotech.tap.training.resourceio.PropertiesOptionsIOTest" name="addOptionShouldMethodShouldAppendPropertiesFileWithNewProperty" time="0.09"/>
  <testcase classname="com.qainfotech.tap.training.resourceio.PropertiesOptionsIOTest" name="getOptionValueMethodShouldReturnOptionValuesFromPropertiesFile" time="0.009">
    <failure message="expected:&lt;...pertiesOptionsIOTest[]&quot;&gt; but was:&lt;...pertiesOptionsIOTest[#Thu Jun 22 12:47:56 IST 2017]&quot;&gt;" type="org.junit.ComparisonFailure">org.junit.ComparisonFailure: expected:&lt;...pertiesOptionsIOTest[]&quot;&gt; but was:&lt;...pertiesOptionsIOTest[#Thu Jun 22 12:47:56 IST 2017]&quot;&gt;
	at sun.reflect.NativeConstructorAccessorImpl.newInstance0(Native Method)
	at sun.reflect.NativeConstructorAccessorImpl.newInstance(NativeConstructorAccessorImpl.java:62)
	at sun.reflect.DelegatingConstructorAccessorImpl.newInstance(DelegatingConstructorAccessorImpl.java:45)
	at com.qainfotech.tap.training.resourceio.PropertiesOptionsIOTest.getOptionValueMethodShouldReturnOptionValuesFromPropertiesFile(PropertiesOptionsIOTest.java:29)
</failure>
  </testcase>
  <testcase classname="com.qainfotech.tap.training.resourceio.TeamsJsonReaderTest" name="Team_getActiveMembers_should_return_a_list_of_team_members_that_are_active" time="0.004">
    <failure message="Not implemented." type="java.lang.UnsupportedOperationException">java.lang.UnsupportedOperationException: Not implemented.
	at com.qainfotech.tap.training.resourceio.model.Individual.&lt;init&gt;(Individual.java:16)
	at com.qainfotech.tap.training.resourceio.TeamsJsonReader.getListOfIndividuals(TeamsJsonReader.java:70)
	at com.qainfotech.tap.training.resourceio.TeamsJsonReader.getListOfTeams(TeamsJsonReader.java:266)
	at com.qainfotech.tap.training.resourceio.TeamsJsonReaderTest.Team_getActiveMembers_should_return_a_list_of_team_members_that_are_active(TeamsJsonReaderTest.java:106)
</failure>
  </testcase>
  <testcase classname="com.qainfotech.tap.training.resourceio.TeamsJsonReaderTest" name="Team_getInactiveMembers_should_return_a_list_of_individual_team_members_that_are_inactive" time="0.002">
    <failure message="Not implemented." type="java.lang.UnsupportedOperationException">java.lang.UnsupportedOperationException: Not implemented.
	at com.qainfotech.tap.training.resourceio.model.Individual.&lt;init&gt;(Individual.java:16)
	at com.qainfotech.tap.training.resourceio.TeamsJsonReader.getListOfIndividuals(TeamsJsonReader.java:70)
	at com.qainfotech.tap.training.resourceio.TeamsJsonReader.getListOfTeams(TeamsJsonReader.java:266)
	at com.qainfotech.tap.training.resourceio.TeamsJsonReaderTest.Team_getInactiveMembers_should_return_a_list_of_individual_team_members_that_are_inactive(TeamsJsonReaderTest.java:114)
</failure>
  </testcase>
  <testcase classname="com.qainfotech.tap.training.resourceio.TeamsJsonReaderTest" name="getIndividualById_should_return_Individual_object_matching_id" time="0.001">
    <failure message="null Object with null=null not found" type="com.qainfotech.tap.training.resourceio.exceptions.ObjectNotFoundException">com.qainfotech.tap.training.resourceio.exceptions.ObjectNotFoundException: null Object with null=null not found
	at com.qainfotech.tap.training.resourceio.TeamsJsonReader.getIndividualById(TeamsJsonReader.java:107)
	at com.qainfotech.tap.training.resourceio.TeamsJsonReaderTest.getIndividualById_should_return_Individual_object_matching_id(TeamsJsonReaderTest.java:61)
</failure>
  </testcase>
  <testcase classname="com.qainfotech.tap.training.resourceio.TeamsJsonReaderTest" name="getIndividualById_should_throw_ObjectNotFoundException_for_incorrect_id" time="0"/>
  <testcase classname="com.qainfotech.tap.training.resourceio.TeamsJsonReaderTest" name="getIndividualByName_should_return_Individual_object_matching_name" time="0.001">
    <failure message="null Object with null=null not found" type="com.qainfotech.tap.training.resourceio.exceptions.ObjectNotFoundException">com.qainfotech.tap.training.resourceio.exceptions.ObjectNotFoundException: null Object with null=null not found
	at com.qainfotech.tap.training.resourceio.TeamsJsonReader.getIndividualByName(TeamsJsonReader.java:131)
	at com.qainfotech.tap.training.resourceio.TeamsJsonReaderTest.getIndividualByName_should_return_Individual_object_matching_name(TeamsJsonReaderTest.java:77)
</failure>
  </testcase>
  <testcase classname="com.qainfotech.tap.training.resourceio.TeamsJsonReaderTest" name="getIndividualByName_should_throw_ObjectNotFoundException_for_incorrect_name" time="0.001"/>
  <testcase classname="com.qainfotech.tap.training.resourceio.TeamsJsonReaderTest" name="getListOfActiveIndividuals_ahould_return_array_list_of_only_active_individual_objects" time="0.001">
    <failure message="Not implemented." type="java.lang.UnsupportedOperationException">java.lang.UnsupportedOperationException: Not implemented.
	at com.qainfotech.tap.training.resourceio.model.Individual.&lt;init&gt;(Individual.java:16)
	at com.qainfotech.tap.training.resourceio.TeamsJsonReader.getListOfActiveIndividuals(TeamsJsonReader.java:230)
	at com.qainfotech.tap.training.resourceio.TeamsJsonReaderTest.getListOfActiveIndividuals_ahould_return_array_list_of_only_active_individual_objects(TeamsJsonReaderTest.java:41)
</failure>
  </testcase>
  <testcase classname="com.qainfotech.tap.training.resourceio.TeamsJsonReaderTest" name="getListOfInactiveIndividuals_should_return_array_list_of_only_inactive_individual_objects" time="0.001">
    <failure message="Not implemented." type="java.lang.UnsupportedOperationException">java.lang.UnsupportedOperationException: Not implemented.
	at com.qainfotech.tap.training.resourceio.model.Individual.&lt;init&gt;(Individual.java:16)
	at com.qainfotech.tap.training.resourceio.TeamsJsonReader.getListOfInactiveIndividuals(TeamsJsonReader.java:177)
	at com.qainfotech.tap.training.resourceio.TeamsJsonReaderTest.getListOfInactiveIndividuals_should_return_array_list_of_only_inactive_individual_objects(TeamsJsonReaderTest.java:50)
</failure>
  </testcase>
  <testcase classname="com.qainfotech.tap.training.resourceio.TeamsJsonReaderTest" name="getListOfIndividuals_should_return_array_list_of_all_individual_objects" time="0.001">
    <failure message="Not implemented." type="java.lang.UnsupportedOperationException">java.lang.UnsupportedOperationException: Not implemented.
	at com.qainfotech.tap.training.resourceio.model.Individual.&lt;init&gt;(Individual.java:16)
	at com.qainfotech.tap.training.resourceio.TeamsJsonReader.getListOfIndividuals(TeamsJsonReader.java:70)
	at com.qainfotech.tap.training.resourceio.TeamsJsonReaderTest.getListOfIndividuals_should_return_array_list_of_all_individual_objects(TeamsJsonReaderTest.java:27)
</failure>
  </testcase>
  <testcase classname="com.qainfotech.tap.training.resourceio.TeamsJsonReaderTest" name="getListOfTeams_should_return_a_list_if_Team_object_from_db_json" time="0.002">
    <failure message="Not implemented." type="java.lang.UnsupportedOperationException">java.lang.UnsupportedOperationException: Not implemented.
	at com.qainfotech.tap.training.resourceio.model.Individual.&lt;init&gt;(Individual.java:16)
	at com.qainfotech.tap.training.resourceio.TeamsJsonReader.getListOfIndividuals(TeamsJsonReader.java:70)
	at com.qainfotech.tap.training.resourceio.TeamsJsonReader.getListOfTeams(TeamsJsonReader.java:266)
	at com.qainfotech.tap.training.resourceio.TeamsJsonReaderTest.getListOfTeams_should_return_a_list_if_Team_object_from_db_json(TeamsJsonReaderTest.java:91)
</failure>
  </testcase>
</testsuite>